<?xml version="1.0" encoding="UTF-8"?>
<!-- Generated by org.testng.reporters.JUnitXMLReporter -->
<testsuite hostname="My-PC" ignored="0" name="Default test" tests="3" failures="0" timestamp="17 Apr 2021 04:07:24 GMT" time="53.584" errors="0">
  <testcase name="tc2" time="0.913" classname="FrameworkTestNG.FWTestNGFK"/>
  <testcase name="tc3" time="0.742" classname="FrameworkTestNG.FWTestNGFK"/>
  <testcase name="tc1" time="0.645" classname="FrameworkTestNG.FWTestNGFK"/>
</testsuite> <!-- Default test -->
