<?xml version="1.0" encoding="UTF-8"?>
<!-- Generated by org.testng.reporters.JUnitXMLReporter -->
<testsuite hostname="My-PC" ignored="1" name="Test1(failed)" tests="1" failures="1" timestamp="19 Apr 2021 11:52:26 GMT" time="0.218" errors="0">
  <testcase name="tc1" time="0.109" classname="FrameworkTestNG.gmailCross">
    <failure type="java.lang.NullPointerException">
      <![CDATA[java.lang.NullPointerException
at org.openqa.selenium.support.pagefactory.DefaultElementLocator.findElement(DefaultElementLocator.java:69)
at org.openqa.selenium.support.pagefactory.internal.LocatingElementHandler.invoke(LocatingElementHandler.java:38)
at com.sun.proxy.$Proxy8.sendKeys(Unknown Source)
at testNextGen.libGlobalBase.toType(libGlobalBase.java:62)
at FrameworkTestNG.gmailCross.tc1(gmailCross.java:37)
at java.util.concurrent.FutureTask.run(Unknown Source)
at java.util.concurrent.ThreadPoolExecutor.runWorker(Unknown Source)
at java.util.concurrent.ThreadPoolExecutor$Worker.run(Unknown Source)
at java.lang.Thread.run(Unknown Source)
... Removed 16 stack frames]]>
    </failure>
  </testcase> <!-- tc1 -->
  <testcase name="browser" time="0.0" classname="FrameworkTestNG.gmailCross">
    <ignored/>
  </testcase> <!-- browser -->
</testsuite> <!-- Test1(failed) -->
